# JRE version: OpenJDK Runtime Environment Temurin-17.0.6+10 (17.0.6+10) (build 17.0.6+10)
# Java VM: OpenJDK 64-Bit Server VM Temurin-17.0.6+10 (17.0.6+10, mixed mode, tiered, compressed oops, compressed class ptrs, g1 gc, windows-amd64)
GC Precious Log:
 CPUs: 4 total, 4 available
 Memory: 4095M
 Large Page Support: Disabled
 NUMA Support: Disabled
 Compressed Oops: Enabled (32-bit)
 Heap Region Size: 1M
 Heap Min Capacity: 8M
 Heap Initial Capacity: 64M
 Heap Max Capacity: 1G
 Pre-touch: Disabled
 Parallel Workers: 4
 Concurrent Workers: 1
 Concurrent Refinement Workers: 4
 Periodic GC: Disabled
Heap:
 garbage-first heap   total 40960K, used 27196K [0x00000000c0000000, 0x0000000100000000)
  region size 1024K, 9 young (9216K), 2 survivors (2048K)
 Metaspace       used 39034K, committed 39360K, reserved 1089536K
  class space    used 4623K, committed 4736K, reserved 1048576K
GC Heap History (20 events):
Event: 25.595 GC heap before
{Heap before GC invocations=7 (full 0):
 garbage-first heap   total 40960K, used 27431K [0x00000000c0000000, 0x0000000100000000)
  region size 1024K, 16 young (16384K), 1 survivors (1024K)
 Metaspace       used 30237K, committed 30592K, reserved 1081344K
  class space    used 3498K, committed 3648K, reserved 1048576K
}
Event: 25.609 GC heap after
{Heap after GC invocations=8 (full 0):
 garbage-first heap   total 40960K, used 13615K [0x00000000c0000000, 0x0000000100000000)
  region size 1024K, 2 young (2048K), 2 survivors (2048K)
 Metaspace       used 30237K, committed 30592K, reserved 1081344K
  class space    used 3498K, committed 3648K, reserved 1048576K
}
Event: 27.982 GC heap before
{Heap before GC invocations=8 (full 0):
 garbage-first heap   total 40960K, used 27951K [0x00000000c0000000, 0x0000000100000000)
  region size 1024K, 16 young (16384K), 2 survivors (2048K)
 Metaspace       used 32058K, committed 32320K, reserved 1081344K
  class space    used 3712K, committed 3840K, reserved 1048576K
}
Event: 27.998 GC heap after
{Heap after GC invocations=9 (full 0):
 garbage-first heap   total 40960K, used 15089K [0x00000000c0000000, 0x0000000100000000)
  region size 1024K, 2 young (2048K), 2 survivors (2048K)
 Metaspace       used 32058K, committed 32320K, reserved 1081344K
  class space    used 3712K, committed 3840K, reserved 1048576K
}
Event: 31.389 GC heap before
{Heap before GC invocations=9 (full 0):
 garbage-first heap   total 40960K, used 28401K [0x00000000c0000000, 0x0000000100000000)
  region size 1024K, 15 young (15360K), 2 survivors (2048K)
 Metaspace       used 33162K, committed 33408K, reserved 1081344K
  class space    used 3837K, committed 3968K, reserved 1048576K
}
Event: 31.401 GC heap after
{Heap after GC invocations=10 (full 0):
 garbage-first heap   total 40960K, used 15545K [0x00000000c0000000, 0x0000000100000000)
  region size 1024K, 1 young (1024K), 1 survivors (1024K)
 Metaspace       used 33162K, committed 33408K, reserved 1081344K
  class space    used 3837K, committed 3968K, reserved 1048576K
}
Event: 34.018 GC heap before
{Heap before GC invocations=10 (full 0):
 garbage-first heap   total 40960K, used 29881K [0x00000000c0000000, 0x0000000100000000)
  region size 1024K, 15 young (15360K), 1 survivors (1024K)
 Metaspace       used 35100K, committed 35392K, reserved 1081344K
  class space    used 4112K, committed 4288K, reserved 1048576K
}
Event: 34.028 GC heap after
{Heap after GC invocations=11 (full 0):
 garbage-first heap   total 40960K, used 16453K [0x00000000c0000000, 0x0000000100000000)
  region size 1024K, 2 young (2048K), 2 survivors (2048K)
 Metaspace       used 35100K, committed 35392K, reserved 1081344K
  class space    used 4112K, committed 4288K, reserved 1048576K
}
Event: 34.673 GC heap before
{Heap before GC invocations=11 (full 0):
 garbage-first heap   total 40960K, used 19525K [0x00000000c0000000, 0x0000000100000000)
  region size 1024K, 6 young (6144K), 2 survivors (2048K)
 Metaspace       used 35834K, committed 36096K, reserved 1081344K
  class space    used 4220K, committed 4352K, reserved 1048576K
}
Event: 34.683 GC heap after
{Heap after GC invocations=12 (full 0):
 garbage-first heap   total 40960K, used 16845K [0x00000000c0000000, 0x0000000100000000)
  region size 1024K, 2 young (2048K), 2 survivors (2048K)
 Metaspace       used 35834K, committed 36096K, reserved 1081344K
  class space    used 4220K, committed 4352K, reserved 1048576K
}
Event: 38.537 GC heap before
{Heap before GC invocations=13 (full 0):
 garbage-first heap   total 40960K, used 30157K [0x00000000c0000000, 0x0000000100000000)
  region size 1024K, 15 young (15360K), 2 survivors (2048K)
 Metaspace       used 37439K, committed 37760K, reserved 1089536K
  class space    used 4457K, committed 4608K, reserved 1048576K
}
Event: 38.555 GC heap after
{Heap after GC invocations=14 (full 0):
 garbage-first heap   total 40960K, used 17859K [0x00000000c0000000, 0x0000000100000000)
  region size 1024K, 2 young (2048K), 2 survivors (2048K)
 Metaspace       used 37439K, committed 37760K, reserved 1089536K
  class space    used 4457K, committed 4608K, reserved 1048576K
}
Event: 38.961 GC heap before
{Heap before GC invocations=14 (full 0):
 garbage-first heap   total 40960K, used 17859K [0x00000000c0000000, 0x0000000100000000)
  region size 1024K, 3 young (3072K), 2 survivors (2048K)
 Metaspace       used 37551K, committed 37888K, reserved 1089536K
  class space    used 4471K, committed 4608K, reserved 1048576K
}
Event: 38.973 GC heap after
{Heap after GC invocations=15 (full 0):
 garbage-first heap   total 40960K, used 17917K [0x00000000c0000000, 0x0000000100000000)
  region size 1024K, 1 young (1024K), 1 survivors (1024K)
 Metaspace       used 37551K, committed 37888K, reserved 1089536K
  class space    used 4471K, committed 4608K, reserved 1048576K
}
Event: 41.929 GC heap before
{Heap before GC invocations=15 (full 0):
 garbage-first heap   total 40960K, used 30205K [0x00000000c0000000, 0x0000000100000000)
  region size 1024K, 14 young (14336K), 1 survivors (1024K)
 Metaspace       used 38726K, committed 39040K, reserved 1089536K
  class space    used 4620K, committed 4736K, reserved 1048576K
}
Event: 41.945 GC heap after
{Heap after GC invocations=16 (full 0):
 garbage-first heap   total 40960K, used 18995K [0x00000000c0000000, 0x0000000100000000)
  region size 1024K, 2 young (2048K), 2 survivors (2048K)
 Metaspace       used 38726K, committed 39040K, reserved 1089536K
  class space    used 4620K, committed 4736K, reserved 1048576K
}
Event: 45.158 GC heap before
{Heap before GC invocations=16 (full 0):
 garbage-first heap   total 40960K, used 31283K [0x00000000c0000000, 0x0000000100000000)
  region size 1024K, 14 young (14336K), 2 survivors (2048K)
 Metaspace       used 38822K, committed 39104K, reserved 1089536K
  class space    used 4620K, committed 4736K, reserved 1048576K
}
Event: 45.168 GC heap after
{Heap after GC invocations=17 (full 0):
 garbage-first heap   total 40960K, used 19930K [0x00000000c0000000, 0x0000000100000000)
  region size 1024K, 1 young (1024K), 1 survivors (1024K)
 Metaspace       used 38822K, committed 39104K, reserved 1089536K
  class space    used 4620K, committed 4736K, reserved 1048576K
}
Event: 48.986 GC heap before
{Heap before GC invocations=17 (full 0):
 garbage-first heap   total 40960K, used 32218K [0x00000000c0000000, 0x0000000100000000)
  region size 1024K, 13 young (13312K), 1 survivors (1024K)
 Metaspace       used 38958K, committed 39232K, reserved 1089536K
  class space    used 4620K, committed 4736K, reserved 1048576K
}
Event: 48.995 GC heap after
{Heap after GC invocations=18 (full 0):
 garbage-first heap   total 40960K, used 21052K [0x00000000c0000000, 0x0000000100000000)
  region size 1024K, 2 young (2048K), 2 survivors (2048K)
 Metaspace       used 38958K, committed 39232K, reserved 1089536K
  class space    used 4620K, committed 4736K, reserved 1048576K
}

